sub-04/ses-001/func/sub-04_ses-001_task-restingstate_run-01_bold.nii.gz
sub-04/ses-003/func/sub-04_ses-003_task-emotion_run-01_bold.nii.gz
sub-04/ses-003/func/sub-04_ses-003_task-gambling_run-01_bold.nii.gz
sub-04/ses-003/func/sub-04_ses-003_task-language_run-01_bold.nii.gz
sub-04/ses-003/func/sub-04_ses-003_task-motor_run-01_bold.nii.gz
sub-04/ses-003/func/sub-04_ses-003_task-relational_run-01_bold.nii.gz
sub-04/ses-003/func/sub-04_ses-003_task-social_run-01_bold.nii.gz
sub-04/ses-003/func/sub-04_ses-003_task-wm_run-01_bold.nii.gz
sub-04/ses-005/func/sub-04_ses-005_task-emotion_run-01_bold.nii.gz
sub-04/ses-005/func/sub-04_ses-005_task-emotion_run-02_bold.nii.gz
sub-04/ses-005/func/sub-04_ses-005_task-gambling_run-01_bold.nii.gz
sub-04/ses-005/func/sub-04_ses-005_task-gambling_run-02_bold.nii.gz
sub-04/ses-005/func/sub-04_ses-005_task-language_run-01_bold.nii.gz
sub-04/ses-005/func/sub-04_ses-005_task-motor_run-01_bold.nii.gz
sub-04/ses-005/func/sub-04_ses-005_task-motor_run-02_bold.nii.gz
sub-04/ses-005/func/sub-04_ses-005_task-relational_run-01_bold.nii.gz
sub-04/ses-005/func/sub-04_ses-005_task-relational_run-02_bold.nii.gz
sub-04/ses-005/func/sub-04_ses-005_task-wm_run-01_bold.nii.gz
sub-04/ses-005/func/sub-04_ses-005_task-wm_run-02_bold.nii.gz
sub-04/ses-008/func/sub-04_ses-008_task-emotion_run-01_bold.nii.gz
sub-04/ses-008/func/sub-04_ses-008_task-language_run-01_bold.nii.gz
sub-04/ses-008/func/sub-04_ses-008_task-motor_run-01_bold.nii.gz
sub-04/ses-008/func/sub-04_ses-008_task-relational_run-01_bold.nii.gz
sub-04/ses-008/func/sub-04_ses-008_task-social_run-01_bold.nii.gz
sub-06/ses-001/func/sub-06_ses-001_task-emotion_run-01_bold.nii.gz
sub-06/ses-001/func/sub-06_ses-001_task-language_run-01_bold.nii.gz
sub-06/ses-001/func/sub-06_ses-001_task-motor_run-01_bold.nii.gz
sub-06/ses-001/func/sub-06_ses-001_task-restingstate_run-01_bold.nii.gz
sub-06/ses-002/func/sub-06_ses-002_task-emotion_run-02_bold.nii.gz
sub-06/ses-002/func/sub-06_ses-002_task-gambling_run-02_bold.nii.gz
sub-06/ses-002/func/sub-06_ses-002_task-language_run-02_bold.nii.gz
sub-06/ses-002/func/sub-06_ses-002_task-motor_run-02_bold.nii.gz
sub-06/ses-002/func/sub-06_ses-002_task-relational_run-02_bold.nii.gz
sub-06/ses-002/func/sub-06_ses-002_task-social_run-02_bold.nii.gz
sub-06/ses-002/func/sub-06_ses-002_task-wm_run-02_bold.nii.gz
sub-06/ses-003/func/sub-06_ses-003_task-emotion_run-02_bold.nii.gz
sub-06/ses-003/func/sub-06_ses-003_task-gambling_run-02_bold.nii.gz
sub-06/ses-003/func/sub-06_ses-003_task-language_run-02_bold.nii.gz
sub-06/ses-003/func/sub-06_ses-003_task-motor_run-02_bold.nii.gz
sub-06/ses-003/func/sub-06_ses-003_task-social_run-02_bold.nii.gz
sub-06/ses-003/func/sub-06_ses-003_task-wm_run-02_bold.nii.gz
sub-06/ses-004/func/sub-06_ses-004_task-emotion_run-01_bold.nii.gz
sub-06/ses-004/func/sub-06_ses-004_task-emotion_run-02_bold.nii.gz
sub-06/ses-004/func/sub-06_ses-004_task-emotion_run-03_bold.nii.gz
sub-06/ses-004/func/sub-06_ses-004_task-gambling_run-01_bold.nii.gz
sub-06/ses-004/func/sub-06_ses-004_task-gambling_run-02_bold.nii.gz
sub-06/ses-004/func/sub-06_ses-004_task-gambling_run-03_bold.nii.gz
sub-06/ses-004/func/sub-06_ses-004_task-language_run-01_bold.nii.gz
sub-06/ses-004/func/sub-06_ses-004_task-language_run-02_bold.nii.gz
sub-06/ses-004/func/sub-06_ses-004_task-language_run-03_bold.nii.gz
sub-06/ses-004/func/sub-06_ses-004_task-motor_run-01_bold.nii.gz
sub-06/ses-004/func/sub-06_ses-004_task-motor_run-02_bold.nii.gz
sub-06/ses-004/func/sub-06_ses-004_task-motor_run-03_bold.nii.gz
sub-06/ses-004/func/sub-06_ses-004_task-relational_run-01_bold.nii.gz
sub-06/ses-004/func/sub-06_ses-004_task-relational_run-02_bold.nii.gz
sub-06/ses-004/func/sub-06_ses-004_task-relational_run-03_bold.nii.gz
sub-06/ses-004/func/sub-06_ses-004_task-restingstate_run-01_bold.nii.gz
sub-06/ses-004/func/sub-06_ses-004_task-social_run-01_bold.nii.gz
sub-06/ses-004/func/sub-06_ses-004_task-wm_run-01_bold.nii.gz
sub-06/ses-004/func/sub-06_ses-004_task-wm_run-02_bold.nii.gz
sub-06/ses-004/func/sub-06_ses-004_task-wm_run-03_bold.nii.gz
sub-06/ses-006/func/sub-06_ses-006_task-emotion_run-01_bold.nii.gz
sub-06/ses-006/func/sub-06_ses-006_task-emotion_run-02_bold.nii.gz
sub-06/ses-006/func/sub-06_ses-006_task-gambling_run-02_bold.nii.gz
sub-06/ses-006/func/sub-06_ses-006_task-language_run-01_bold.nii.gz
sub-06/ses-006/func/sub-06_ses-006_task-language_run-02_bold.nii.gz
sub-06/ses-006/func/sub-06_ses-006_task-motor_run-01_bold.nii.gz
sub-06/ses-006/func/sub-06_ses-006_task-motor_run-02_bold.nii.gz
sub-06/ses-006/func/sub-06_ses-006_task-relational_run-01_bold.nii.gz
sub-06/ses-006/func/sub-06_ses-006_task-relational_run-02_bold.nii.gz
sub-06/ses-006/func/sub-06_ses-006_task-social_run-01_bold.nii.gz
sub-06/ses-006/func/sub-06_ses-006_task-social_run-02_bold.nii.gz
sub-06/ses-006/func/sub-06_ses-006_task-wm_run-02_bold.nii.gz
sub-06/ses-009/func/sub-06_ses-009_task-wm_run-02_bold.nii.gz
