sub-06/ses-001/func/sub-06_ses-001_task-emotion_run-01_bold.nii.gz
sub-06/ses-001/func/sub-06_ses-001_task-language_run-01_bold.nii.gz
sub-06/ses-001/func/sub-06_ses-001_task-motor_run-01_bold.nii.gz
sub-06/ses-001/func/sub-06_ses-001_task-restingstate_run-01_bold.nii.gz
sub-06/ses-003/func/sub-06_ses-003_task-emotion_run-02_bold.nii.gz
sub-06/ses-003/func/sub-06_ses-003_task-language_run-02_bold.nii.gz
sub-06/ses-003/func/sub-06_ses-003_task-wm_run-02_bold.nii.gz
sub-06/ses-004/func/sub-06_ses-004_task-emotion_run-02_bold.nii.gz
sub-06/ses-004/func/sub-06_ses-004_task-emotion_run-03_bold.nii.gz
sub-06/ses-004/func/sub-06_ses-004_task-gambling_run-02_bold.nii.gz
sub-06/ses-004/func/sub-06_ses-004_task-gambling_run-03_bold.nii.gz
sub-06/ses-004/func/sub-06_ses-004_task-language_run-02_bold.nii.gz
sub-06/ses-004/func/sub-06_ses-004_task-language_run-03_bold.nii.gz
sub-06/ses-004/func/sub-06_ses-004_task-motor_run-02_bold.nii.gz
sub-06/ses-004/func/sub-06_ses-004_task-motor_run-03_bold.nii.gz
sub-06/ses-004/func/sub-06_ses-004_task-relational_run-02_bold.nii.gz
sub-06/ses-004/func/sub-06_ses-004_task-relational_run-03_bold.nii.gz
sub-06/ses-004/func/sub-06_ses-004_task-wm_run-01_bold.nii.gz
sub-06/ses-004/func/sub-06_ses-004_task-wm_run-02_bold.nii.gz
sub-06/ses-004/func/sub-06_ses-004_task-wm_run-03_bold.nii.gz
sub-06/ses-009/func/sub-06_ses-009_task-wm_run-02_bold.nii.gz
