0b21c041-61b0-4f9b-b4f1-3250f1543034 basile@criugm0277:~/data/tests/cneuromod/hcptrt timestamp=1573583934s
174676c4-ea79-413d-b33e-2d0983c4b5c9 bpinsard@narval2.narval.calcul.quebec:/lustre07/scratch/bpinsard/hcptrt.fmriprep/sourcedata/hcptrt timestamp=1648656497s
26de274c-e22d-48de-9bd0-4466323ad08e s3unf.cneuromod.hcptrt.derivatives timestamp=1574088425.326858727s
2a4dba8c-ef5d-4770-a027-a2bc751c3388 ria-beluga-storage timestamp=1614882985s
2bafa759-536a-41e3-b33f-cf450cfd45ea bpinsard@beluga3.int.ets1.calculquebec.ca:/lustre03/project/6003287/datasets/cneuromod_new/hcptrt timestamp=1588275138s
2c4142cf-9411-459b-994b-2a7a3d6b8339 bpinsard@cedar5.cedar.computecanada.ca:/project/6003287/DATA/neuromod/phantom/hcptrt timestamp=1572280490s
575f4f35-af55-48da-8b3e-8231b742b92d basile@criugm0277:~/data/tests/cneuromod/hcptrt timestamp=1574692829s
57a04447-5178-4c7a-a8db-aa52a6c551dd bpinsard@jacaranda.unf-montreal.ca:/data/neuromod/DATA/test/cneuromod/hcptrt timestamp=1588275138s
5ad86cc9-b0a4-41a8-9bfc-2b8cda531eb0 ria-sequoia-storage timestamp=1614882986s
83dce567-eae9-4763-a6d4-734f34772bba bpinsard@jacaranda.unf-montreal.ca:/data/neuromod/DATA/phantom/hcptrt timestamp=1572280490s
85a4a693-c517-49d8-9ae6-0e4ea1d531f4 bore@bore-criugm0295:~/p/neuromod/d/cneuromod/hcptrt timestamp=1601645500s
8c3576e6-006c-45dc-beef-cdf724d68a2e s3unf.phantom.hcptrt.mri timestamp=1572280342.15711013s
8f168ac6-907a-441e-8c1a-aa33a752d46b bpinsard@jacaranda.unf-montreal.ca:/data/neuromod/DATA/neuromod/hcptrt/generic timestamp=1112911995s
8fdda65a-2e90-4b18-a640-505a8786eb15 s3unf.cneuromod.hcptrt.stimuli timestamp=1595278423.228110954s
919afb7f-fcac-46fc-96a8-6c4e0bdc3508 bore@criugm0295:~/p/neuromod/data/cneuromod/hcptrt timestamp=1591819007s
9b21ffa9-4b5f-49fa-b188-a27fb190dfd1 basile@criugm0277:~/data/tests/cneuromod/hcptrt timestamp=1596720946s
9ef45d4b-ff43-459e-b93a-ac00cf2f4fe3 basile@criugm0277:~/data/raw/phantom/hcptrt timestamp=1572280492s
aab474ca-d984-4f7e-832d-18792510adb8 bpinsard@beluga1.int.ets1.calculquebec.ca:/lustre03/project/6003287/datasets/cneuromod/hcptrt timestamp=1613501588s
b4b8549d-930e-4e53-b96a-b34b1b5e07df basile@criugm0277:~/data/tests/cneuromod/hcptrt timestamp=1588275136s
c36de5fd-00e9-4055-adef-bf4c47c43f2f basile@criugm0277:~/data/tests/cneuromod/hcptrt timestamp=1583958345s
d3331c46-5540-463a-aa77-ff971f17cbd6 basile@criugm0277:~/data/tests/cneuromod/hcptrt timestamp=1655315498s
d4dd1fd7-19a2-41ea-811c-617a23e9caca bpinsard@narval2.narval.calcul.quebec:/lustre03/project/6003287/datasets/cneuromod_processed/fmriprep/hcptrt/sourcedata/hcptrt timestamp=1614882984s
e55583a2-5521-4ddc-a8e1-f9c95721f2ed bpinsard@jacaranda.unf-montreal.ca:/data/neuromod/DATA/cneuromod/hcptrt timestamp=1596720946s
eb5fc064-1405-4058-b643-80ad1d5a12b0 basile@criugm0277:~/data/tests/cneuromod/hcptrt timestamp=1588275138s
fd7570ae-3974-4d18-8049-e788266682b2 s3unf.cneuromod.hcptrt.mri.sensitive timestamp=1595278223.987220938s
fec8f82f-3abe-46e3-8b2b-396a62b99a3c basile@criugm0277:~/data/tests/cneuromod/hcptrt timestamp=1595876542s
